Performing C++ SOURCE FILE Test CMAKE_HAVE_LIBC_PTHREAD failed with the following output:
Change Dir: /Users/19690612/Desktop/rpo22/libs/spdlog/build/x86_64/CMakeFiles/CMakeTmp

Run Build Command(s):/usr/bin/make -f Makefile cmTC_f2c70/fast && /Applications/Xcode.app/Contents/Developer/usr/bin/make  -f CMakeFiles/cmTC_f2c70.dir/build.make CMakeFiles/cmTC_f2c70.dir/build
Building CXX object CMakeFiles/cmTC_f2c70.dir/src.cxx.o
/Users/19690612/Library/Android/sdk/ndk/23.1.7779620/toolchains/llvm/prebuilt/darwin-x86_64/bin/clang++ --target=x86_64-none-linux-android21 --sysroot=/Users/19690612/Library/Android/sdk/ndk/23.1.7779620/toolchains/llvm/prebuilt/darwin-x86_64/sysroot -DCMAKE_HAVE_LIBC_PTHREAD  -DSPDLOG_COMPILED_LIB  -O2 -g -DNDEBUG -fPIE -std=c++11 -MD -MT CMakeFiles/cmTC_f2c70.dir/src.cxx.o -MF CMakeFiles/cmTC_f2c70.dir/src.cxx.o.d -o CMakeFiles/cmTC_f2c70.dir/src.cxx.o -c /Users/19690612/Desktop/rpo22/libs/spdlog/build/x86_64/CMakeFiles/CMakeTmp/src.cxx
/Users/19690612/Desktop/rpo22/libs/spdlog/build/x86_64/CMakeFiles/CMakeTmp/src.cxx:13:3: error: use of undeclared identifier 'pthread_cancel'
  pthread_cancel(thread);
  ^
1 error generated.
make[1]: *** [CMakeFiles/cmTC_f2c70.dir/src.cxx.o] Error 1
make: *** [cmTC_f2c70/fast] Error 2


Source file was:
#include <pthread.h>

static void* test_func(void* data)
{
  return data;
}

int main(void)
{
  pthread_t thread;
  pthread_create(&thread, NULL, test_func, NULL);
  pthread_detach(thread);
  pthread_cancel(thread);
  pthread_join(thread, NULL);
  pthread_atfork(NULL, NULL, NULL);
  pthread_exit(NULL);

  return 0;
}

Determining if the function pthread_create exists in the pthreads failed with the following output:
Change Dir: /Users/19690612/Desktop/rpo22/libs/spdlog/build/x86_64/CMakeFiles/CMakeTmp

Run Build Command(s):/usr/bin/make -f Makefile cmTC_38f62/fast && /Applications/Xcode.app/Contents/Developer/usr/bin/make  -f CMakeFiles/cmTC_38f62.dir/build.make CMakeFiles/cmTC_38f62.dir/build
Building CXX object CMakeFiles/cmTC_38f62.dir/CheckFunctionExists.cxx.o
/Users/19690612/Library/Android/sdk/ndk/23.1.7779620/toolchains/llvm/prebuilt/darwin-x86_64/bin/clang++ --target=x86_64-none-linux-android21 --sysroot=/Users/19690612/Library/Android/sdk/ndk/23.1.7779620/toolchains/llvm/prebuilt/darwin-x86_64/sysroot   -DSPDLOG_COMPILED_LIB -DCHECK_FUNCTION_EXISTS=pthread_create -O2 -g -DNDEBUG -fPIE -std=c++11 -MD -MT CMakeFiles/cmTC_38f62.dir/CheckFunctionExists.cxx.o -MF CMakeFiles/cmTC_38f62.dir/CheckFunctionExists.cxx.o.d -o CMakeFiles/cmTC_38f62.dir/CheckFunctionExists.cxx.o -c /Users/19690612/Desktop/rpo22/libs/spdlog/build/x86_64/CMakeFiles/CheckLibraryExists/CheckFunctionExists.cxx
Linking CXX executable cmTC_38f62
/usr/local/Cellar/cmake/3.22.2/bin/cmake -E cmake_link_script CMakeFiles/cmTC_38f62.dir/link.txt --verbose=1
/Users/19690612/Library/Android/sdk/ndk/23.1.7779620/toolchains/llvm/prebuilt/darwin-x86_64/bin/clang++ --target=x86_64-none-linux-android21 --sysroot=/Users/19690612/Library/Android/sdk/ndk/23.1.7779620/toolchains/llvm/prebuilt/darwin-x86_64/sysroot -DSPDLOG_COMPILED_LIB -DCHECK_FUNCTION_EXISTS=pthread_create -O2 -g -DNDEBUG -Wl,--build-id=sha1 -Wl,--no-rosegment -Wl,--fatal-warnings -Qunused-arguments -Wl,--no-undefined  -Wl,--gc-sections  CMakeFiles/cmTC_38f62.dir/CheckFunctionExists.cxx.o -o cmTC_38f62  -lpthreads  -static-libstdc++ -latomic -lm 
ld: error: unable to find library -lpthreads
clang-12: error: linker command failed with exit code 1 (use -v to see invocation)
make[1]: *** [cmTC_38f62] Error 1
make: *** [cmTC_38f62/fast] Error 2



Determining if the function pthread_create exists in the pthread failed with the following output:
Change Dir: /Users/19690612/Desktop/rpo22/libs/spdlog/build/x86_64/CMakeFiles/CMakeTmp

Run Build Command(s):/usr/bin/make -f Makefile cmTC_f2322/fast && /Applications/Xcode.app/Contents/Developer/usr/bin/make  -f CMakeFiles/cmTC_f2322.dir/build.make CMakeFiles/cmTC_f2322.dir/build
Building CXX object CMakeFiles/cmTC_f2322.dir/CheckFunctionExists.cxx.o
/Users/19690612/Library/Android/sdk/ndk/23.1.7779620/toolchains/llvm/prebuilt/darwin-x86_64/bin/clang++ --target=x86_64-none-linux-android21 --sysroot=/Users/19690612/Library/Android/sdk/ndk/23.1.7779620/toolchains/llvm/prebuilt/darwin-x86_64/sysroot   -DSPDLOG_COMPILED_LIB -DCHECK_FUNCTION_EXISTS=pthread_create -O2 -g -DNDEBUG -fPIE -std=c++11 -MD -MT CMakeFiles/cmTC_f2322.dir/CheckFunctionExists.cxx.o -MF CMakeFiles/cmTC_f2322.dir/CheckFunctionExists.cxx.o.d -o CMakeFiles/cmTC_f2322.dir/CheckFunctionExists.cxx.o -c /Users/19690612/Desktop/rpo22/libs/spdlog/build/x86_64/CMakeFiles/CheckLibraryExists/CheckFunctionExists.cxx
Linking CXX executable cmTC_f2322
/usr/local/Cellar/cmake/3.22.2/bin/cmake -E cmake_link_script CMakeFiles/cmTC_f2322.dir/link.txt --verbose=1
/Users/19690612/Library/Android/sdk/ndk/23.1.7779620/toolchains/llvm/prebuilt/darwin-x86_64/bin/clang++ --target=x86_64-none-linux-android21 --sysroot=/Users/19690612/Library/Android/sdk/ndk/23.1.7779620/toolchains/llvm/prebuilt/darwin-x86_64/sysroot -DSPDLOG_COMPILED_LIB -DCHECK_FUNCTION_EXISTS=pthread_create -O2 -g -DNDEBUG -Wl,--build-id=sha1 -Wl,--no-rosegment -Wl,--fatal-warnings -Qunused-arguments -Wl,--no-undefined  -Wl,--gc-sections  CMakeFiles/cmTC_f2322.dir/CheckFunctionExists.cxx.o -o cmTC_f2322  -lpthread  -static-libstdc++ -latomic -lm 
ld: error: unable to find library -lpthread
clang-12: error: linker command failed with exit code 1 (use -v to see invocation)
make[1]: *** [cmTC_f2322] Error 1
make: *** [cmTC_f2322/fast] Error 2



