Performing C SOURCE FILE Test CMAKE_HAVE_LIBC_PTHREAD failed with the following output:
Change Dir: /Users/19690612/Desktop/rpo22/libs/mbedtls/build/x86/CMakeFiles/CMakeTmp

Run Build Command(s):/usr/bin/make -f Makefile cmTC_54b53/fast && /Applications/Xcode.app/Contents/Developer/usr/bin/make  -f CMakeFiles/cmTC_54b53.dir/build.make CMakeFiles/cmTC_54b53.dir/build
Building C object CMakeFiles/cmTC_54b53.dir/src.c.o
/Users/19690612/Library/Android/sdk/ndk/23.1.7779620/toolchains/llvm/prebuilt/darwin-x86_64/bin/clang --target=i686-none-linux-android16 --sysroot=/Users/19690612/Library/Android/sdk/ndk/23.1.7779620/toolchains/llvm/prebuilt/darwin-x86_64/sysroot -DCMAKE_HAVE_LIBC_PTHREAD  -DANDROID -fdata-sections -ffunction-sections -funwind-tables -fstack-protector-strong -no-canonical-prefixes -mstackrealign -D_FORTIFY_SOURCE=2 -Wformat -Werror=format-security -fexceptions -Wall -Wextra -Wwrite-strings -Wpointer-arith -Wimplicit-fallthrough -Wshadow -Wvla -Wformat=2 -Wno-format-nonliteral -Werror  -O2 -g -DNDEBUG -fPIE -MD -MT CMakeFiles/cmTC_54b53.dir/src.c.o -MF CMakeFiles/cmTC_54b53.dir/src.c.o.d -o CMakeFiles/cmTC_54b53.dir/src.c.o -c /Users/19690612/Desktop/rpo22/libs/mbedtls/build/x86/CMakeFiles/CMakeTmp/src.c
/Users/19690612/Desktop/rpo22/libs/mbedtls/build/x86/CMakeFiles/CMakeTmp/src.c:13:3: error: implicit declaration of function 'pthread_cancel' is invalid in C99 [-Werror,-Wimplicit-function-declaration]
  pthread_cancel(thread);
  ^
/Users/19690612/Desktop/rpo22/libs/mbedtls/build/x86/CMakeFiles/CMakeTmp/src.c:13:3: note: did you mean 'pthread_once'?
/Users/19690612/Library/Android/sdk/ndk/23.1.7779620/toolchains/llvm/prebuilt/darwin-x86_64/sysroot/usr/include/pthread.h:275:5: note: 'pthread_once' declared here
int pthread_once(pthread_once_t* __once, void (*__init_routine)(void));
    ^
1 error generated.
make[1]: *** [CMakeFiles/cmTC_54b53.dir/src.c.o] Error 1
make: *** [cmTC_54b53/fast] Error 2


Source file was:
#include <pthread.h>

static void* test_func(void* data)
{
  return data;
}

int main(void)
{
  pthread_t thread;
  pthread_create(&thread, NULL, test_func, NULL);
  pthread_detach(thread);
  pthread_cancel(thread);
  pthread_join(thread, NULL);
  pthread_atfork(NULL, NULL, NULL);
  pthread_exit(NULL);

  return 0;
}

Determining if the function pthread_create exists in the pthreads failed with the following output:
Change Dir: /Users/19690612/Desktop/rpo22/libs/mbedtls/build/x86/CMakeFiles/CMakeTmp

Run Build Command(s):/usr/bin/make -f Makefile cmTC_28370/fast && /Applications/Xcode.app/Contents/Developer/usr/bin/make  -f CMakeFiles/cmTC_28370.dir/build.make CMakeFiles/cmTC_28370.dir/build
Building C object CMakeFiles/cmTC_28370.dir/CheckFunctionExists.c.o
/Users/19690612/Library/Android/sdk/ndk/23.1.7779620/toolchains/llvm/prebuilt/darwin-x86_64/bin/clang --target=i686-none-linux-android16 --sysroot=/Users/19690612/Library/Android/sdk/ndk/23.1.7779620/toolchains/llvm/prebuilt/darwin-x86_64/sysroot   -DANDROID -fdata-sections -ffunction-sections -funwind-tables -fstack-protector-strong -no-canonical-prefixes -mstackrealign -D_FORTIFY_SOURCE=2 -Wformat -Werror=format-security -fexceptions -Wall -Wextra -Wwrite-strings -Wpointer-arith -Wimplicit-fallthrough -Wshadow -Wvla -Wformat=2 -Wno-format-nonliteral -Werror -DCHECK_FUNCTION_EXISTS=pthread_create -O2 -g -DNDEBUG -fPIE -MD -MT CMakeFiles/cmTC_28370.dir/CheckFunctionExists.c.o -MF CMakeFiles/cmTC_28370.dir/CheckFunctionExists.c.o.d -o CMakeFiles/cmTC_28370.dir/CheckFunctionExists.c.o -c /usr/local/Cellar/cmake/3.22.2/share/cmake/Modules/CheckFunctionExists.c
Linking C executable cmTC_28370
/usr/local/Cellar/cmake/3.22.2/bin/cmake -E cmake_link_script CMakeFiles/cmTC_28370.dir/link.txt --verbose=1
/Users/19690612/Library/Android/sdk/ndk/23.1.7779620/toolchains/llvm/prebuilt/darwin-x86_64/bin/clang --target=i686-none-linux-android16 --sysroot=/Users/19690612/Library/Android/sdk/ndk/23.1.7779620/toolchains/llvm/prebuilt/darwin-x86_64/sysroot -DANDROID -fdata-sections -ffunction-sections -funwind-tables -fstack-protector-strong -no-canonical-prefixes -mstackrealign -D_FORTIFY_SOURCE=2 -Wformat -Werror=format-security -fexceptions -Wall -Wextra -Wwrite-strings -Wpointer-arith -Wimplicit-fallthrough -Wshadow -Wvla -Wformat=2 -Wno-format-nonliteral -Werror -DCHECK_FUNCTION_EXISTS=pthread_create -O2 -g -DNDEBUG -Wl,--build-id=sha1 -Wl,--no-rosegment -Wl,--fatal-warnings -Qunused-arguments -Wl,--no-undefined  -Wl,--gc-sections  CMakeFiles/cmTC_28370.dir/CheckFunctionExists.c.o -o cmTC_28370  -lpthreads  -latomic -lm 
ld: error: unable to find library -lpthreads
clang: error: linker command failed with exit code 1 (use -v to see invocation)
make[1]: *** [cmTC_28370] Error 1
make: *** [cmTC_28370/fast] Error 2



Determining if the function pthread_create exists in the pthread failed with the following output:
Change Dir: /Users/19690612/Desktop/rpo22/libs/mbedtls/build/x86/CMakeFiles/CMakeTmp

Run Build Command(s):/usr/bin/make -f Makefile cmTC_f40df/fast && /Applications/Xcode.app/Contents/Developer/usr/bin/make  -f CMakeFiles/cmTC_f40df.dir/build.make CMakeFiles/cmTC_f40df.dir/build
Building C object CMakeFiles/cmTC_f40df.dir/CheckFunctionExists.c.o
/Users/19690612/Library/Android/sdk/ndk/23.1.7779620/toolchains/llvm/prebuilt/darwin-x86_64/bin/clang --target=i686-none-linux-android16 --sysroot=/Users/19690612/Library/Android/sdk/ndk/23.1.7779620/toolchains/llvm/prebuilt/darwin-x86_64/sysroot   -DANDROID -fdata-sections -ffunction-sections -funwind-tables -fstack-protector-strong -no-canonical-prefixes -mstackrealign -D_FORTIFY_SOURCE=2 -Wformat -Werror=format-security -fexceptions -Wall -Wextra -Wwrite-strings -Wpointer-arith -Wimplicit-fallthrough -Wshadow -Wvla -Wformat=2 -Wno-format-nonliteral -Werror -DCHECK_FUNCTION_EXISTS=pthread_create -O2 -g -DNDEBUG -fPIE -MD -MT CMakeFiles/cmTC_f40df.dir/CheckFunctionExists.c.o -MF CMakeFiles/cmTC_f40df.dir/CheckFunctionExists.c.o.d -o CMakeFiles/cmTC_f40df.dir/CheckFunctionExists.c.o -c /usr/local/Cellar/cmake/3.22.2/share/cmake/Modules/CheckFunctionExists.c
Linking C executable cmTC_f40df
/usr/local/Cellar/cmake/3.22.2/bin/cmake -E cmake_link_script CMakeFiles/cmTC_f40df.dir/link.txt --verbose=1
/Users/19690612/Library/Android/sdk/ndk/23.1.7779620/toolchains/llvm/prebuilt/darwin-x86_64/bin/clang --target=i686-none-linux-android16 --sysroot=/Users/19690612/Library/Android/sdk/ndk/23.1.7779620/toolchains/llvm/prebuilt/darwin-x86_64/sysroot -DANDROID -fdata-sections -ffunction-sections -funwind-tables -fstack-protector-strong -no-canonical-prefixes -mstackrealign -D_FORTIFY_SOURCE=2 -Wformat -Werror=format-security -fexceptions -Wall -Wextra -Wwrite-strings -Wpointer-arith -Wimplicit-fallthrough -Wshadow -Wvla -Wformat=2 -Wno-format-nonliteral -Werror -DCHECK_FUNCTION_EXISTS=pthread_create -O2 -g -DNDEBUG -Wl,--build-id=sha1 -Wl,--no-rosegment -Wl,--fatal-warnings -Qunused-arguments -Wl,--no-undefined  -Wl,--gc-sections  CMakeFiles/cmTC_f40df.dir/CheckFunctionExists.c.o -o cmTC_f40df  -lpthread  -latomic -lm 
ld: error: unable to find library -lpthread
clang: error: linker command failed with exit code 1 (use -v to see invocation)
make[1]: *** [cmTC_f40df] Error 1
make: *** [cmTC_f40df/fast] Error 2



